2024-09-12 19:19:19 [ERROR]: DB Error -------- error: database "splito" does not exist
    at Parser.parseErrorMessage (/Users/thiteshubham09/Desktop/mainserver/node_modules/pg-protocol/dist/parser.js:283:98)
    at Parser.handlePacket (/Users/thiteshubham09/Desktop/mainserver/node_modules/pg-protocol/dist/parser.js:122:29)
    at Parser.parse (/Users/thiteshubham09/Desktop/mainserver/node_modules/pg-protocol/dist/parser.js:35:38)
    at TLSSocket.<anonymous> (/Users/thiteshubham09/Desktop/mainserver/node_modules/pg-protocol/dist/index.js:11:42)
    at TLSSocket.emit (node:events:518:28)
    at addChunk (node:internal/streams/readable:559:12)
    at readableAddChunkPushByteMode (node:internal/streams/readable:510:3)
    at Readable.push (node:internal/streams/readable:390:5)
    at TLSWrap.onStreamRead (node:internal/stream_base_commons:190:23)
2024-09-12 19:24:07 [ERROR]: DB Error -------- error: database "Splito" does not exist
    at Parser.parseErrorMessage (/Users/thiteshubham09/Desktop/mainserver/node_modules/pg-protocol/dist/parser.js:283:98)
    at Parser.handlePacket (/Users/thiteshubham09/Desktop/mainserver/node_modules/pg-protocol/dist/parser.js:122:29)
    at Parser.parse (/Users/thiteshubham09/Desktop/mainserver/node_modules/pg-protocol/dist/parser.js:35:38)
    at TLSSocket.<anonymous> (/Users/thiteshubham09/Desktop/mainserver/node_modules/pg-protocol/dist/index.js:11:42)
    at TLSSocket.emit (node:events:518:28)
    at addChunk (node:internal/streams/readable:559:12)
    at readableAddChunkPushByteMode (node:internal/streams/readable:510:3)
    at Readable.push (node:internal/streams/readable:390:5)
    at TLSWrap.onStreamRead (node:internal/stream_base_commons:190:23)
2024-09-12 19:54:22 [ERROR]: DB Error -------- error: database "-" does not exist
    at Parser.parseErrorMessage (/Users/thiteshubham09/Desktop/mainserver/node_modules/pg-protocol/dist/parser.js:283:98)
    at Parser.handlePacket (/Users/thiteshubham09/Desktop/mainserver/node_modules/pg-protocol/dist/parser.js:122:29)
    at Parser.parse (/Users/thiteshubham09/Desktop/mainserver/node_modules/pg-protocol/dist/parser.js:35:38)
    at TLSSocket.<anonymous> (/Users/thiteshubham09/Desktop/mainserver/node_modules/pg-protocol/dist/index.js:11:42)
    at TLSSocket.emit (node:events:518:28)
    at addChunk (node:internal/streams/readable:559:12)
    at readableAddChunkPushByteMode (node:internal/streams/readable:510:3)
    at Readable.push (node:internal/streams/readable:390:5)
    at TLSWrap.onStreamRead (node:internal/stream_base_commons:190:23)
2024-09-12 19:54:35 [ERROR]: DB Error -------- error: database "your_db_name" does not exist
    at Parser.parseErrorMessage (/Users/thiteshubham09/Desktop/mainserver/node_modules/pg-protocol/dist/parser.js:283:98)
    at Parser.handlePacket (/Users/thiteshubham09/Desktop/mainserver/node_modules/pg-protocol/dist/parser.js:122:29)
    at Parser.parse (/Users/thiteshubham09/Desktop/mainserver/node_modules/pg-protocol/dist/parser.js:35:38)
    at TLSSocket.<anonymous> (/Users/thiteshubham09/Desktop/mainserver/node_modules/pg-protocol/dist/index.js:11:42)
    at TLSSocket.emit (node:events:518:28)
    at addChunk (node:internal/streams/readable:559:12)
    at readableAddChunkPushByteMode (node:internal/streams/readable:510:3)
    at Readable.push (node:internal/streams/readable:390:5)
    at TLSWrap.onStreamRead (node:internal/stream_base_commons:190:23)
